ansible.builtin.local                execute on controller                 
ansible.builtin.paramiko_ssh         Run tasks via Python SSH (paramiko)   
ansible.builtin.psrp                 Run tasks over Microsoft PowerShell Re...
ansible.builtin.ssh                  connect via SSH client binary         
ansible.builtin.winrm                Run tasks over Microsoft's WinRM      
ansible.netcommon.grpc               Provides a persistent connection using...
ansible.netcommon.httpapi            Use httpapi to run command on network ...
ansible.netcommon.libssh             Run tasks using libssh for ssh connect...
ansible.netcommon.netconf            Provides a persistent connection using...
ansible.netcommon.network_cli        Use network_cli to run command on netw...
ansible.netcommon.persistent         Use a persistent unix socket for conne...
community.aws.aws_ssm                connect to EC2 instances via AWS Syste...
community.docker.docker              Run tasks in docker containers        
community.docker.docker_api          Run tasks in docker containers        
community.docker.nsenter             execute on host running controller con...
community.general.chroot             Interact with local chroot            
community.general.funcd              Use funcd to connect to target        
community.general.incus              Run tasks in Incus instances using the...
community.general.iocage             Run tasks in iocage jails             
community.general.jail               Run tasks in jails                    
community.general.lxc                Run tasks in LXC containers using lxc ...
community.general.lxd                Run tasks in LXD instances using `lxc'...
community.general.proxmox_pct_remote Run tasks in Proxmox LXC container ins...
community.general.qubes              Interact with an existing QubesOS AppV...
community.general.saltstack          Allow ansible to piggyback on salt min...
community.general.zone               Run tasks in a zone instance          
community.libvirt.libvirt_lxc        Run tasks in lxc containers via libvir...
community.libvirt.libvirt_qemu       Run tasks on libvirt/qemu virtual mach...
community.okd.oc                     Execute tasks in pods running on OpenS...
community.vmware.vmware_tools        Execute tasks inside a VM via VMware T...
containers.podman.buildah            Interact with an existing buildah cont...
containers.podman.podman             Interact with an existing podman conta...
kubernetes.core.kubectl              Execute tasks in pods running on Kuber...
